<?xml version="1.0" encoding="UTF-8"?>
<!-- Generated by org.testng.reporters.JUnitReportReporter -->
<testsuite hostname="dac-29" failures="0" tests="1" name="com.simpleProject.SeleniumTest" time="19.108" errors="0" timestamp="2024-12-22T09:36:39 IST" skipped="0">
  <testcase classname="com.simpleProject.SeleniumTest" name="test" time="19.108"/>
</testsuite> <!-- com.simpleProject.SeleniumTest -->
